c:\users\ctsosie\neumont\year 1 neumont\q 3\sprint 1\c++\c++ visual studio\gat150 gameengine\gat150_cdtsosie\bin\engine\debug\engine.pdb
c:\users\ctsosie\neumont\year 1 neumont\q 3\sprint 1\c++\c++ visual studio\gat150 gameengine\gat150_cdtsosie\bin\engine\debug\engine.idb
c:\users\ctsosie\neumont\year 1 neumont\q 3\sprint 1\c++\c++ visual studio\gat150 gameengine\gat150_cdtsosie\temp\engine\debug\engine.obj
c:\users\ctsosie\neumont\year 1 neumont\q 3\sprint 1\c++\c++ visual studio\gat150 gameengine\gat150_cdtsosie\temp\engine\debug\serializable.obj
c:\users\ctsosie\neumont\year 1 neumont\q 3\sprint 1\c++\c++ visual studio\gat150 gameengine\gat150_cdtsosie\temp\engine\debug\json.obj
c:\users\ctsosie\neumont\year 1 neumont\q 3\sprint 1\c++\c++ visual studio\gat150 gameengine\gat150_cdtsosie\temp\engine\debug\estring.obj
c:\users\ctsosie\neumont\year 1 neumont\q 3\sprint 1\c++\c++ visual studio\gat150 gameengine\gat150_cdtsosie\temp\engine\debug\ensert.obj
c:\users\ctsosie\neumont\year 1 neumont\q 3\sprint 1\c++\c++ visual studio\gat150 gameengine\gat150_cdtsosie\temp\engine\debug\efile.obj
c:\users\ctsosie\neumont\year 1 neumont\q 3\sprint 1\c++\c++ visual studio\gat150 gameengine\gat150_cdtsosie\temp\engine\debug\ctime.obj
c:\users\ctsosie\neumont\year 1 neumont\q 3\sprint 1\c++\c++ visual studio\gat150 gameengine\gat150_cdtsosie\temp\engine\debug\titlecomponent.obj
c:\users\ctsosie\neumont\year 1 neumont\q 3\sprint 1\c++\c++ visual studio\gat150 gameengine\gat150_cdtsosie\temp\engine\debug\texturecomponent.obj
c:\users\ctsosie\neumont\year 1 neumont\q 3\sprint 1\c++\c++ visual studio\gat150 gameengine\gat150_cdtsosie\temp\engine\debug\textureanimationcomponent.obj
c:\users\ctsosie\neumont\year 1 neumont\q 3\sprint 1\c++\c++ visual studio\gat150 gameengine\gat150_cdtsosie\temp\engine\debug\textcomponents.obj
c:\users\ctsosie\neumont\year 1 neumont\q 3\sprint 1\c++\c++ visual studio\gat150 gameengine\gat150_cdtsosie\temp\engine\debug\rendercomponent.obj
c:\users\ctsosie\neumont\year 1 neumont\q 3\sprint 1\c++\c++ visual studio\gat150 gameengine\gat150_cdtsosie\temp\engine\debug\phyisicscomponent.obj
c:\users\ctsosie\neumont\year 1 neumont\q 3\sprint 1\c++\c++ visual studio\gat150 gameengine\gat150_cdtsosie\temp\engine\debug\enginephysicscomponent.obj
c:\users\ctsosie\neumont\year 1 neumont\q 3\sprint 1\c++\c++ visual studio\gat150 gameengine\gat150_cdtsosie\temp\engine\debug\component.obj
c:\users\ctsosie\neumont\year 1 neumont\q 3\sprint 1\c++\c++ visual studio\gat150 gameengine\gat150_cdtsosie\temp\engine\debug\collsioncompoents.obj
c:\users\ctsosie\neumont\year 1 neumont\q 3\sprint 1\c++\c++ visual studio\gat150 gameengine\gat150_cdtsosie\temp\engine\debug\audiocomponent.obj
c:\users\ctsosie\neumont\year 1 neumont\q 3\sprint 1\c++\c++ visual studio\gat150 gameengine\gat150_cdtsosie\temp\engine\debug\audiosource.obj
c:\users\ctsosie\neumont\year 1 neumont\q 3\sprint 1\c++\c++ visual studio\gat150 gameengine\gat150_cdtsosie\temp\engine\debug\audioclip.obj
c:\users\ctsosie\neumont\year 1 neumont\q 3\sprint 1\c++\c++ visual studio\gat150 gameengine\gat150_cdtsosie\temp\engine\debug\audio.obj
c:\users\ctsosie\neumont\year 1 neumont\q 3\sprint 1\c++\c++ visual studio\gat150 gameengine\gat150_cdtsosie\temp\engine\debug\texture.obj
c:\users\ctsosie\neumont\year 1 neumont\q 3\sprint 1\c++\c++ visual studio\gat150 gameengine\gat150_cdtsosie\temp\engine\debug\transform.obj
c:\users\ctsosie\neumont\year 1 neumont\q 3\sprint 1\c++\c++ visual studio\gat150 gameengine\gat150_cdtsosie\temp\engine\debug\text.obj
c:\users\ctsosie\neumont\year 1 neumont\q 3\sprint 1\c++\c++ visual studio\gat150 gameengine\gat150_cdtsosie\temp\engine\debug\render.obj
c:\users\ctsosie\neumont\year 1 neumont\q 3\sprint 1\c++\c++ visual studio\gat150 gameengine\gat150_cdtsosie\temp\engine\debug\particle_system.obj
c:\users\ctsosie\neumont\year 1 neumont\q 3\sprint 1\c++\c++ visual studio\gat150 gameengine\gat150_cdtsosie\temp\engine\debug\particle.obj
c:\users\ctsosie\neumont\year 1 neumont\q 3\sprint 1\c++\c++ visual studio\gat150 gameengine\gat150_cdtsosie\temp\engine\debug\model.obj
c:\users\ctsosie\neumont\year 1 neumont\q 3\sprint 1\c++\c++ visual studio\gat150 gameengine\gat150_cdtsosie\temp\engine\debug\font.obj
c:\users\ctsosie\neumont\year 1 neumont\q 3\sprint 1\c++\c++ visual studio\gat150 gameengine\gat150_cdtsosie\temp\engine\debug\rigidbody.obj
c:\users\ctsosie\neumont\year 1 neumont\q 3\sprint 1\c++\c++ visual studio\gat150 gameengine\gat150_cdtsosie\temp\engine\debug\physics.obj
c:\users\ctsosie\neumont\year 1 neumont\q 3\sprint 1\c++\c++ visual studio\gat150 gameengine\gat150_cdtsosie\temp\engine\debug\box2dphysicscomponent.obj
c:\users\ctsosie\neumont\year 1 neumont\q 3\sprint 1\c++\c++ visual studio\gat150 gameengine\gat150_cdtsosie\temp\engine\debug\input.obj
c:\users\ctsosie\neumont\year 1 neumont\q 3\sprint 1\c++\c++ visual studio\gat150 gameengine\gat150_cdtsosie\temp\engine\debug\scene.obj
c:\users\ctsosie\neumont\year 1 neumont\q 3\sprint 1\c++\c++ visual studio\gat150 gameengine\gat150_cdtsosie\temp\engine\debug\object.obj
c:\users\ctsosie\neumont\year 1 neumont\q 3\sprint 1\c++\c++ visual studio\gat150 gameengine\gat150_cdtsosie\temp\engine\debug\actor.obj
c:\users\ctsosie\neumont\year 1 neumont\q 3\sprint 1\c++\c++ visual studio\gat150 gameengine\gat150_cdtsosie\bin\engine\debug\engine.lib
c:\users\ctsosie\neumont\year 1 neumont\q 3\sprint 1\c++\c++ visual studio\gat150 gameengine\gat150_cdtsosie\temp\engine\debug\actor.obj.enc
c:\users\ctsosie\neumont\year 1 neumont\q 3\sprint 1\c++\c++ visual studio\gat150 gameengine\gat150_cdtsosie\temp\engine\debug\audiocomponent.obj.enc
c:\users\ctsosie\neumont\year 1 neumont\q 3\sprint 1\c++\c++ visual studio\gat150 gameengine\gat150_cdtsosie\temp\engine\debug\box2dphysicscomponent.obj.enc
c:\users\ctsosie\neumont\year 1 neumont\q 3\sprint 1\c++\c++ visual studio\gat150 gameengine\gat150_cdtsosie\temp\engine\debug\engine.obj.enc
c:\users\ctsosie\neumont\year 1 neumont\q 3\sprint 1\c++\c++ visual studio\gat150 gameengine\gat150_cdtsosie\temp\engine\debug\particle.obj.enc
c:\users\ctsosie\neumont\year 1 neumont\q 3\sprint 1\c++\c++ visual studio\gat150 gameengine\gat150_cdtsosie\temp\engine\debug\particle_system.obj.enc
c:\users\ctsosie\neumont\year 1 neumont\q 3\sprint 1\c++\c++ visual studio\gat150 gameengine\gat150_cdtsosie\temp\engine\debug\physics.obj.enc
c:\users\ctsosie\neumont\year 1 neumont\q 3\sprint 1\c++\c++ visual studio\gat150 gameengine\gat150_cdtsosie\temp\engine\debug\render.obj.enc
c:\users\ctsosie\neumont\year 1 neumont\q 3\sprint 1\c++\c++ visual studio\gat150 gameengine\gat150_cdtsosie\temp\engine\debug\rigidbody.new.obj.enc
c:\users\ctsosie\neumont\year 1 neumont\q 3\sprint 1\c++\c++ visual studio\gat150 gameengine\gat150_cdtsosie\temp\engine\debug\scene.obj.enc
c:\users\ctsosie\neumont\year 1 neumont\q 3\sprint 1\c++\c++ visual studio\gat150 gameengine\gat150_cdtsosie\temp\engine\debug\textureanimationcomponent.obj.enc
c:\users\ctsosie\neumont\year 1 neumont\q 3\sprint 1\c++\c++ visual studio\gat150 gameengine\gat150_cdtsosie\temp\engine\debug\texturecomponent.obj.enc
c:\users\ctsosie\neumont\year 1 neumont\q 3\sprint 1\c++\c++ visual studio\gat150 gameengine\gat150_cdtsosie\temp\engine\debug\titlecomponent.obj.enc
c:\users\ctsosie\neumont\year 1 neumont\q 3\sprint 1\c++\c++ visual studio\gat150 gameengine\gat150_cdtsosie\temp\engine\debug\engine.vcxproj.filelistabsolute.txt
c:\users\ctsosie\neumont\year 1 neumont\q 3\sprint 1\c++\c++ visual studio\gat150 gameengine\gat150_cdtsosie\temp\engine\debug\engine.tlog\cl.command.1.tlog
c:\users\ctsosie\neumont\year 1 neumont\q 3\sprint 1\c++\c++ visual studio\gat150 gameengine\gat150_cdtsosie\temp\engine\debug\engine.tlog\cl.items.tlog
c:\users\ctsosie\neumont\year 1 neumont\q 3\sprint 1\c++\c++ visual studio\gat150 gameengine\gat150_cdtsosie\temp\engine\debug\engine.tlog\cl.read.1.tlog
c:\users\ctsosie\neumont\year 1 neumont\q 3\sprint 1\c++\c++ visual studio\gat150 gameengine\gat150_cdtsosie\temp\engine\debug\engine.tlog\cl.write.1.tlog
c:\users\ctsosie\neumont\year 1 neumont\q 3\sprint 1\c++\c++ visual studio\gat150 gameengine\gat150_cdtsosie\temp\engine\debug\engine.tlog\lib-link.read.1.tlog
c:\users\ctsosie\neumont\year 1 neumont\q 3\sprint 1\c++\c++ visual studio\gat150 gameengine\gat150_cdtsosie\temp\engine\debug\engine.tlog\lib-link.write.1.tlog
c:\users\ctsosie\neumont\year 1 neumont\q 3\sprint 1\c++\c++ visual studio\gat150 gameengine\gat150_cdtsosie\temp\engine\debug\engine.tlog\lib.command.1.tlog
