c:\users\ctsosie\neumont\year 1 neumont\q 3\sprint 1\c++\c++ visual studio\gat150 gameengine\gat150_cdtsosie\temp\game\debug\vc143.pdb
c:\users\ctsosie\neumont\year 1 neumont\q 3\sprint 1\c++\c++ visual studio\gat150 gameengine\gat150_cdtsosie\temp\game\debug\vc143.idb
c:\users\ctsosie\neumont\year 1 neumont\q 3\sprint 1\c++\c++ visual studio\gat150 gameengine\gat150_cdtsosie\temp\game\debug\rocketcomponent.obj
c:\users\ctsosie\neumont\year 1 neumont\q 3\sprint 1\c++\c++ visual studio\gat150 gameengine\gat150_cdtsosie\temp\game\debug\playercomponents.obj
c:\users\ctsosie\neumont\year 1 neumont\q 3\sprint 1\c++\c++ visual studio\gat150 gameengine\gat150_cdtsosie\temp\game\debug\my_game.obj
c:\users\ctsosie\neumont\year 1 neumont\q 3\sprint 1\c++\c++ visual studio\gat150 gameengine\gat150_cdtsosie\temp\game\debug\main.obj
c:\users\ctsosie\neumont\year 1 neumont\q 3\sprint 1\c++\c++ visual studio\gat150 gameengine\gat150_cdtsosie\temp\game\debug\enemycomponent.obj
c:\users\ctsosie\neumont\year 1 neumont\q 3\sprint 1\c++\c++ visual studio\gat150 gameengine\gat150_cdtsosie\temp\game\debug\charactercomponents .obj
c:\users\ctsosie\neumont\year 1 neumont\q 3\sprint 1\c++\c++ visual studio\gat150 gameengine\gat150_cdtsosie\bin\game\debug\game.exe
c:\users\ctsosie\neumont\year 1 neumont\q 3\sprint 1\c++\c++ visual studio\gat150 gameengine\gat150_cdtsosie\bin\game\debug\game.pdb
c:\users\ctsosie\neumont\year 1 neumont\q 3\sprint 1\c++\c++ visual studio\gat150 gameengine\gat150_cdtsosie\temp\game\debug\game.ilk
c:\users\ctsosie\neumont\year 1 neumont\q 3\sprint 1\c++\c++ visual studio\gat150 gameengine\gat150_cdtsosie\temp\game\debug\charactercomponents .obj.enc
c:\users\ctsosie\neumont\year 1 neumont\q 3\sprint 1\c++\c++ visual studio\gat150 gameengine\gat150_cdtsosie\temp\game\debug\main.obj.enc
c:\users\ctsosie\neumont\year 1 neumont\q 3\sprint 1\c++\c++ visual studio\gat150 gameengine\gat150_cdtsosie\temp\game\debug\my_game.obj.enc
c:\users\ctsosie\neumont\year 1 neumont\q 3\sprint 1\c++\c++ visual studio\gat150 gameengine\gat150_cdtsosie\temp\game\debug\playercomponents.obj.enc
c:\users\ctsosie\neumont\year 1 neumont\q 3\sprint 1\c++\c++ visual studio\gat150 gameengine\gat150_cdtsosie\temp\game\debug\rocketcomponent.obj.enc
c:\users\ctsosie\neumont\year 1 neumont\q 3\sprint 1\c++\c++ visual studio\gat150 gameengine\gat150_cdtsosie\temp\game\debug\gat150_cdtsosie.vcxproj.filelistabsolute.txt
c:\users\ctsosie\neumont\year 1 neumont\q 3\sprint 1\c++\c++ visual studio\gat150 gameengine\gat150_cdtsosie\temp\game\debug\game.tlog\cl.command.1.tlog
c:\users\ctsosie\neumont\year 1 neumont\q 3\sprint 1\c++\c++ visual studio\gat150 gameengine\gat150_cdtsosie\temp\game\debug\game.tlog\cl.items.tlog
c:\users\ctsosie\neumont\year 1 neumont\q 3\sprint 1\c++\c++ visual studio\gat150 gameengine\gat150_cdtsosie\temp\game\debug\game.tlog\cl.read.1.tlog
c:\users\ctsosie\neumont\year 1 neumont\q 3\sprint 1\c++\c++ visual studio\gat150 gameengine\gat150_cdtsosie\temp\game\debug\game.tlog\cl.write.1.tlog
c:\users\ctsosie\neumont\year 1 neumont\q 3\sprint 1\c++\c++ visual studio\gat150 gameengine\gat150_cdtsosie\temp\game\debug\game.tlog\link.command.1.tlog
c:\users\ctsosie\neumont\year 1 neumont\q 3\sprint 1\c++\c++ visual studio\gat150 gameengine\gat150_cdtsosie\temp\game\debug\game.tlog\link.read.1.tlog
c:\users\ctsosie\neumont\year 1 neumont\q 3\sprint 1\c++\c++ visual studio\gat150 gameengine\gat150_cdtsosie\temp\game\debug\game.tlog\link.secondary.1.tlog
c:\users\ctsosie\neumont\year 1 neumont\q 3\sprint 1\c++\c++ visual studio\gat150 gameengine\gat150_cdtsosie\temp\game\debug\game.tlog\link.write.1.tlog
